<?xml version="1.0" encoding="UTF-8"?>
<robot generator="Robot 5.0.1 (Python 3.10.5 on darwin)" generated="20220608 12:43:26.215" rpa="false" schemaversion="3">
<suite id="s1" name="Tests" source="/Users/mandeep.kaur/PycharmProjects/fua_automation/Tests">
<suite id="s1-s1" name="InvalidLogin" source="/Users/mandeep.kaur/PycharmProjects/fua_automation/Tests/InvalidLogin.robot">
<test id="s1-s1-t1" name="Invalid Username Test" line="13">
<kw name="Open Browser" library="SeleniumLibrary">
<arg>${site_url}</arg>
<arg>${browser}</arg>
<doc>Opens a new browser instance to the optional ``url``.</doc>
<msg timestamp="20220608 12:43:26.297" level="INFO">Opening browser 'Chrome' to base url 'https://account.sb.forusall.com/login'.</msg>
<status status="PASS" starttime="20220608 12:43:26.297" endtime="20220608 12:43:29.820"/>
</kw>
<kw name="Set Selenium Implicit Wait" library="SeleniumLibrary">
<arg>10 seconds</arg>
<doc>Sets the implicit wait value used by Selenium.</doc>
<status status="PASS" starttime="20220608 12:43:29.820" endtime="20220608 12:43:29.822"/>
</kw>
<kw name="Maximize Browser Window" library="SeleniumLibrary">
<doc>Maximizes current browser window.</doc>
<status status="PASS" starttime="20220608 12:43:29.822" endtime="20220608 12:43:29.948"/>
</kw>
<kw name="Input_Invalid_Username" library="LoginPage">
<kw name="Input Text" library="SeleniumLibrary">
<arg>${LoginUsernameInputBox}</arg>
<arg>${invalidUsername}</arg>
<doc>Types the given ``text`` into the text field identified by ``locator``.</doc>
<msg timestamp="20220608 12:43:29.949" level="INFO">Typing text 'persona100@sharklasers.com' into text field 'css:#fua-app-root &gt; div &gt; div &gt; div.MuiGrid-root.MuiGrid-container.MuiGrid-spacing-xs-undefined.css-1lym95h-MuiGrid-root &gt; div.MuiGrid-root.MuiGrid-item.MuiGrid-grid-xs-9.MuiGrid-grid-lg-5.css-xlimm8-MuiGrid-root &gt; form &gt; div.ant-select-lg.ant-select-lg.m-b-0_8rem.ant-select-show-search.ant-select-auto-complete.ant-select.ant-select-combobox.ant-select-enabled &gt; div &gt; div &gt; ul &gt; li &gt; div &gt; input'.</msg>
<status status="PASS" starttime="20220608 12:43:29.948" endtime="20220608 12:43:30.176"/>
</kw>
<status status="PASS" starttime="20220608 12:43:29.948" endtime="20220608 12:43:30.176"/>
</kw>
<kw name="Input_Password" library="LoginPage">
<kw name="Input Text" library="SeleniumLibrary">
<arg>${LoginPasswordInputBox}</arg>
<arg>${Password}</arg>
<doc>Types the given ``text`` into the text field identified by ``locator``.</doc>
<msg timestamp="20220608 12:43:30.177" level="INFO">Typing text '123456789' into text field 'css:#fua-app-root &gt; div &gt; div &gt; div.MuiGrid-root.MuiGrid-container.MuiGrid-spacing-xs-undefined.css-1lym95h-MuiGrid-root &gt; div.MuiGrid-root.MuiGrid-item.MuiGrid-grid-xs-9.MuiGrid-grid-lg-5.css-xlimm8-MuiGrid-root &gt; form &gt; span.ant-input-password.m-b-0_4rem.ant-input-password-large.ant-input-affix-wrapper.ant-input-affix-wrapper-lg &gt; input'.</msg>
<status status="PASS" starttime="20220608 12:43:30.177" endtime="20220608 12:43:30.245"/>
</kw>
<status status="PASS" starttime="20220608 12:43:30.177" endtime="20220608 12:43:30.245"/>
</kw>
<kw name="Click_Login" library="LoginPage">
<kw name="Click Element" library="SeleniumLibrary">
<arg>${LoginButton}</arg>
<doc>Click the element identified by ``locator``.</doc>
<msg timestamp="20220608 12:43:30.246" level="INFO">Clicking element 'css:#fua-app-root &gt; div &gt; div &gt; div.MuiGrid-root.MuiGrid-container.MuiGrid-spacing-xs-undefined.css-1lym95h-MuiGrid-root &gt; div.MuiGrid-root.MuiGrid-item.MuiGrid-grid-xs-9.MuiGrid-grid-lg-5.css-xlimm8-MuiGrid-root &gt; form &gt; button'.</msg>
<status status="PASS" starttime="20220608 12:43:30.246" endtime="20220608 12:43:30.272"/>
</kw>
<status status="PASS" starttime="20220608 12:43:30.246" endtime="20220608 12:43:30.272"/>
</kw>
<kw name="Error_Message" library="LoginPage">
<kw name="Element Text Should Be" library="SeleniumLibrary">
<arg>${ErrorMessage}</arg>
<arg>Invalid Credentials.</arg>
<doc>Verifies that element ``locator`` contains exact the text ``expected``.</doc>
<msg timestamp="20220608 12:43:30.272" level="INFO">Verifying element 'css:#fua-app-root &gt; div &gt; div &gt; div.MuiGrid-root.MuiGrid-container.MuiGrid-spacing-xs-undefined.css-1lym95h-MuiGrid-root &gt; div.MuiGrid-root.MuiGrid-item.MuiGrid-grid-xs-9.MuiGrid-grid-lg-5.css-xlimm8-MuiGrid-root &gt; form &gt; div.ant-alert.ant-alert-error.ant-alert-closable.error-alert &gt; span.ant-alert-message' contains exact text 'Invalid Credentials.'.</msg>
<status status="PASS" starttime="20220608 12:43:30.272" endtime="20220608 12:43:30.793"/>
</kw>
<status status="PASS" starttime="20220608 12:43:30.272" endtime="20220608 12:43:30.793"/>
</kw>
<kw name="Sleep" library="BuiltIn">
<arg>5s</arg>
<doc>Pauses the test executed for the given time.</doc>
<msg timestamp="20220608 12:43:35.794" level="INFO">Slept 5 seconds</msg>
<status status="PASS" starttime="20220608 12:43:30.793" endtime="20220608 12:43:35.794"/>
</kw>
<kw name="Close Browser" library="SeleniumLibrary">
<doc>Closes the current browser.</doc>
<status status="PASS" starttime="20220608 12:43:35.795" endtime="20220608 12:43:35.862"/>
</kw>
<status status="PASS" starttime="20220608 12:43:26.296" endtime="20220608 12:43:35.863"/>
</test>
<test id="s1-s1-t2" name="Invalid Password Test" line="26">
<kw name="Open Browser" library="SeleniumLibrary">
<arg>${site_url}</arg>
<arg>${browser}</arg>
<doc>Opens a new browser instance to the optional ``url``.</doc>
<msg timestamp="20220608 12:43:35.864" level="INFO">Opening browser 'Chrome' to base url 'https://account.sb.forusall.com/login'.</msg>
<status status="PASS" starttime="20220608 12:43:35.863" endtime="20220608 12:43:39.341"/>
</kw>
<kw name="Set Selenium Implicit Wait" library="SeleniumLibrary">
<arg>10 seconds</arg>
<doc>Sets the implicit wait value used by Selenium.</doc>
<status status="PASS" starttime="20220608 12:43:39.341" endtime="20220608 12:43:39.343"/>
</kw>
<kw name="Maximize Browser Window" library="SeleniumLibrary">
<doc>Maximizes current browser window.</doc>
<status status="PASS" starttime="20220608 12:43:39.343" endtime="20220608 12:43:39.467"/>
</kw>
<kw name="Input_Username" library="LoginPage">
<kw name="Input Text" library="SeleniumLibrary">
<arg>${LoginUsernameInputBox}</arg>
<arg>${Username}</arg>
<doc>Types the given ``text`` into the text field identified by ``locator``.</doc>
<msg timestamp="20220608 12:43:39.468" level="INFO">Typing text 'persona3@sharklasers.com' into text field 'css:#fua-app-root &gt; div &gt; div &gt; div.MuiGrid-root.MuiGrid-container.MuiGrid-spacing-xs-undefined.css-1lym95h-MuiGrid-root &gt; div.MuiGrid-root.MuiGrid-item.MuiGrid-grid-xs-9.MuiGrid-grid-lg-5.css-xlimm8-MuiGrid-root &gt; form &gt; div.ant-select-lg.ant-select-lg.m-b-0_8rem.ant-select-show-search.ant-select-auto-complete.ant-select.ant-select-combobox.ant-select-enabled &gt; div &gt; div &gt; ul &gt; li &gt; div &gt; input'.</msg>
<status status="PASS" starttime="20220608 12:43:39.467" endtime="20220608 12:43:39.673"/>
</kw>
<status status="PASS" starttime="20220608 12:43:39.467" endtime="20220608 12:43:39.673"/>
</kw>
<kw name="Input_Invalid_Password" library="LoginPage">
<kw name="Input Text" library="SeleniumLibrary">
<arg>${LoginPasswordInputBox}</arg>
<arg>${invalidPassword}</arg>
<doc>Types the given ``text`` into the text field identified by ``locator``.</doc>
<msg timestamp="20220608 12:43:39.673" level="INFO">Typing text '12345' into text field 'css:#fua-app-root &gt; div &gt; div &gt; div.MuiGrid-root.MuiGrid-container.MuiGrid-spacing-xs-undefined.css-1lym95h-MuiGrid-root &gt; div.MuiGrid-root.MuiGrid-item.MuiGrid-grid-xs-9.MuiGrid-grid-lg-5.css-xlimm8-MuiGrid-root &gt; form &gt; span.ant-input-password.m-b-0_4rem.ant-input-password-large.ant-input-affix-wrapper.ant-input-affix-wrapper-lg &gt; input'.</msg>
<status status="PASS" starttime="20220608 12:43:39.673" endtime="20220608 12:43:39.728"/>
</kw>
<status status="PASS" starttime="20220608 12:43:39.673" endtime="20220608 12:43:39.728"/>
</kw>
<kw name="Click_Login" library="LoginPage">
<kw name="Click Element" library="SeleniumLibrary">
<arg>${LoginButton}</arg>
<doc>Click the element identified by ``locator``.</doc>
<msg timestamp="20220608 12:43:39.729" level="INFO">Clicking element 'css:#fua-app-root &gt; div &gt; div &gt; div.MuiGrid-root.MuiGrid-container.MuiGrid-spacing-xs-undefined.css-1lym95h-MuiGrid-root &gt; div.MuiGrid-root.MuiGrid-item.MuiGrid-grid-xs-9.MuiGrid-grid-lg-5.css-xlimm8-MuiGrid-root &gt; form &gt; button'.</msg>
<status status="PASS" starttime="20220608 12:43:39.729" endtime="20220608 12:43:39.769"/>
</kw>
<status status="PASS" starttime="20220608 12:43:39.728" endtime="20220608 12:43:39.769"/>
</kw>
<kw name="Error_Message" library="LoginPage">
<kw name="Element Text Should Be" library="SeleniumLibrary">
<arg>${ErrorMessage}</arg>
<arg>Invalid Credentials.</arg>
<doc>Verifies that element ``locator`` contains exact the text ``expected``.</doc>
<msg timestamp="20220608 12:43:39.769" level="INFO">Verifying element 'css:#fua-app-root &gt; div &gt; div &gt; div.MuiGrid-root.MuiGrid-container.MuiGrid-spacing-xs-undefined.css-1lym95h-MuiGrid-root &gt; div.MuiGrid-root.MuiGrid-item.MuiGrid-grid-xs-9.MuiGrid-grid-lg-5.css-xlimm8-MuiGrid-root &gt; form &gt; div.ant-alert.ant-alert-error.ant-alert-closable.error-alert &gt; span.ant-alert-message' contains exact text 'Invalid Credentials.'.</msg>
<status status="PASS" starttime="20220608 12:43:39.769" endtime="20220608 12:43:41.457"/>
</kw>
<status status="PASS" starttime="20220608 12:43:39.769" endtime="20220608 12:43:41.458"/>
</kw>
<kw name="Sleep" library="BuiltIn">
<arg>5s</arg>
<doc>Pauses the test executed for the given time.</doc>
<msg timestamp="20220608 12:43:46.460" level="INFO">Slept 5 seconds</msg>
<status status="PASS" starttime="20220608 12:43:41.458" endtime="20220608 12:43:46.460"/>
</kw>
<kw name="Close Browser" library="SeleniumLibrary">
<doc>Closes the current browser.</doc>
<status status="PASS" starttime="20220608 12:43:46.460" endtime="20220608 12:43:46.531"/>
</kw>
<status status="PASS" starttime="20220608 12:43:35.863" endtime="20220608 12:43:46.531"/>
</test>
<test id="s1-s1-t3" name="Invalid Username and Password Test" line="37">
<kw name="Open Browser" library="SeleniumLibrary">
<arg>${site_url}</arg>
<arg>${browser}</arg>
<doc>Opens a new browser instance to the optional ``url``.</doc>
<msg timestamp="20220608 12:43:46.532" level="INFO">Opening browser 'Chrome' to base url 'https://account.sb.forusall.com/login'.</msg>
<status status="PASS" starttime="20220608 12:43:46.532" endtime="20220608 12:43:50.141"/>
</kw>
<kw name="Set Selenium Implicit Wait" library="SeleniumLibrary">
<arg>10 seconds</arg>
<doc>Sets the implicit wait value used by Selenium.</doc>
<status status="PASS" starttime="20220608 12:43:50.142" endtime="20220608 12:43:50.143"/>
</kw>
<kw name="Maximize Browser Window" library="SeleniumLibrary">
<doc>Maximizes current browser window.</doc>
<status status="PASS" starttime="20220608 12:43:50.143" endtime="20220608 12:43:50.266"/>
</kw>
<kw name="Input_Invalid_Username" library="LoginPage">
<kw name="Input Text" library="SeleniumLibrary">
<arg>${LoginUsernameInputBox}</arg>
<arg>${invalidUsername}</arg>
<doc>Types the given ``text`` into the text field identified by ``locator``.</doc>
<msg timestamp="20220608 12:43:50.267" level="INFO">Typing text 'persona100@sharklasers.com' into text field 'css:#fua-app-root &gt; div &gt; div &gt; div.MuiGrid-root.MuiGrid-container.MuiGrid-spacing-xs-undefined.css-1lym95h-MuiGrid-root &gt; div.MuiGrid-root.MuiGrid-item.MuiGrid-grid-xs-9.MuiGrid-grid-lg-5.css-xlimm8-MuiGrid-root &gt; form &gt; div.ant-select-lg.ant-select-lg.m-b-0_8rem.ant-select-show-search.ant-select-auto-complete.ant-select.ant-select-combobox.ant-select-enabled &gt; div &gt; div &gt; ul &gt; li &gt; div &gt; input'.</msg>
<status status="PASS" starttime="20220608 12:43:50.266" endtime="20220608 12:43:50.491"/>
</kw>
<status status="PASS" starttime="20220608 12:43:50.266" endtime="20220608 12:43:50.491"/>
</kw>
<kw name="Input_Invalid_Password" library="LoginPage">
<kw name="Input Text" library="SeleniumLibrary">
<arg>${LoginPasswordInputBox}</arg>
<arg>${invalidPassword}</arg>
<doc>Types the given ``text`` into the text field identified by ``locator``.</doc>
<msg timestamp="20220608 12:43:50.492" level="INFO">Typing text '12345' into text field 'css:#fua-app-root &gt; div &gt; div &gt; div.MuiGrid-root.MuiGrid-container.MuiGrid-spacing-xs-undefined.css-1lym95h-MuiGrid-root &gt; div.MuiGrid-root.MuiGrid-item.MuiGrid-grid-xs-9.MuiGrid-grid-lg-5.css-xlimm8-MuiGrid-root &gt; form &gt; span.ant-input-password.m-b-0_4rem.ant-input-password-large.ant-input-affix-wrapper.ant-input-affix-wrapper-lg &gt; input'.</msg>
<status status="PASS" starttime="20220608 12:43:50.492" endtime="20220608 12:43:50.550"/>
</kw>
<status status="PASS" starttime="20220608 12:43:50.491" endtime="20220608 12:43:50.551"/>
</kw>
<kw name="Click_Login" library="LoginPage">
<kw name="Click Element" library="SeleniumLibrary">
<arg>${LoginButton}</arg>
<doc>Click the element identified by ``locator``.</doc>
<msg timestamp="20220608 12:43:50.551" level="INFO">Clicking element 'css:#fua-app-root &gt; div &gt; div &gt; div.MuiGrid-root.MuiGrid-container.MuiGrid-spacing-xs-undefined.css-1lym95h-MuiGrid-root &gt; div.MuiGrid-root.MuiGrid-item.MuiGrid-grid-xs-9.MuiGrid-grid-lg-5.css-xlimm8-MuiGrid-root &gt; form &gt; button'.</msg>
<status status="PASS" starttime="20220608 12:43:50.551" endtime="20220608 12:43:50.590"/>
</kw>
<status status="PASS" starttime="20220608 12:43:50.551" endtime="20220608 12:43:50.590"/>
</kw>
<kw name="Error_Message" library="LoginPage">
<kw name="Element Text Should Be" library="SeleniumLibrary">
<arg>${ErrorMessage}</arg>
<arg>Invalid Credentials.</arg>
<doc>Verifies that element ``locator`` contains exact the text ``expected``.</doc>
<msg timestamp="20220608 12:43:50.590" level="INFO">Verifying element 'css:#fua-app-root &gt; div &gt; div &gt; div.MuiGrid-root.MuiGrid-container.MuiGrid-spacing-xs-undefined.css-1lym95h-MuiGrid-root &gt; div.MuiGrid-root.MuiGrid-item.MuiGrid-grid-xs-9.MuiGrid-grid-lg-5.css-xlimm8-MuiGrid-root &gt; form &gt; div.ant-alert.ant-alert-error.ant-alert-closable.error-alert &gt; span.ant-alert-message' contains exact text 'Invalid Credentials.'.</msg>
<status status="PASS" starttime="20220608 12:43:50.590" endtime="20220608 12:43:51.096"/>
</kw>
<status status="PASS" starttime="20220608 12:43:50.590" endtime="20220608 12:43:51.096"/>
</kw>
<kw name="Sleep" library="BuiltIn">
<arg>5s</arg>
<doc>Pauses the test executed for the given time.</doc>
<msg timestamp="20220608 12:43:56.099" level="INFO">Slept 5 seconds</msg>
<status status="PASS" starttime="20220608 12:43:51.097" endtime="20220608 12:43:56.099"/>
</kw>
<kw name="Close Browser" library="SeleniumLibrary">
<doc>Closes the current browser.</doc>
<status status="PASS" starttime="20220608 12:43:56.099" endtime="20220608 12:43:56.171"/>
</kw>
<status status="PASS" starttime="20220608 12:43:46.531" endtime="20220608 12:43:56.171"/>
</test>
<status status="PASS" starttime="20220608 12:43:26.223" endtime="20220608 12:43:56.171"/>
</suite>
<suite id="s1-s2" name="SuccessfulLogin" source="/Users/mandeep.kaur/PycharmProjects/fua_automation/Tests/SuccessfulLogin.robot">
<test id="s1-s2-t1" name="Verify Successful Login to FUA" line="13">
<kw name="Open Browser" library="SeleniumLibrary">
<arg>${site_url}</arg>
<arg>${browser}</arg>
<doc>Opens a new browser instance to the optional ``url``.</doc>
<msg timestamp="20220608 12:43:56.177" level="INFO">Opening browser 'Chrome' to base url 'https://account.sb.forusall.com/login'.</msg>
<status status="PASS" starttime="20220608 12:43:56.176" endtime="20220608 12:43:59.580"/>
</kw>
<kw name="Set Selenium Implicit Wait" library="SeleniumLibrary">
<arg>10 seconds</arg>
<doc>Sets the implicit wait value used by Selenium.</doc>
<status status="PASS" starttime="20220608 12:43:59.581" endtime="20220608 12:43:59.581"/>
</kw>
<kw name="Maximize Browser Window" library="SeleniumLibrary">
<doc>Maximizes current browser window.</doc>
<status status="PASS" starttime="20220608 12:43:59.582" endtime="20220608 12:43:59.708"/>
</kw>
<kw name="Input_Username" library="LoginPage">
<kw name="Input Text" library="SeleniumLibrary">
<arg>${LoginUsernameInputBox}</arg>
<arg>${Username}</arg>
<doc>Types the given ``text`` into the text field identified by ``locator``.</doc>
<msg timestamp="20220608 12:43:59.709" level="INFO">Typing text 'persona3@sharklasers.com' into text field 'css:#fua-app-root &gt; div &gt; div &gt; div.MuiGrid-root.MuiGrid-container.MuiGrid-spacing-xs-undefined.css-1lym95h-MuiGrid-root &gt; div.MuiGrid-root.MuiGrid-item.MuiGrid-grid-xs-9.MuiGrid-grid-lg-5.css-xlimm8-MuiGrid-root &gt; form &gt; div.ant-select-lg.ant-select-lg.m-b-0_8rem.ant-select-show-search.ant-select-auto-complete.ant-select.ant-select-combobox.ant-select-enabled &gt; div &gt; div &gt; ul &gt; li &gt; div &gt; input'.</msg>
<status status="PASS" starttime="20220608 12:43:59.709" endtime="20220608 12:43:59.932"/>
</kw>
<status status="PASS" starttime="20220608 12:43:59.708" endtime="20220608 12:43:59.932"/>
</kw>
<kw name="Input_Password" library="LoginPage">
<kw name="Input Text" library="SeleniumLibrary">
<arg>${LoginPasswordInputBox}</arg>
<arg>${Password}</arg>
<doc>Types the given ``text`` into the text field identified by ``locator``.</doc>
<msg timestamp="20220608 12:43:59.932" level="INFO">Typing text '123456789' into text field 'css:#fua-app-root &gt; div &gt; div &gt; div.MuiGrid-root.MuiGrid-container.MuiGrid-spacing-xs-undefined.css-1lym95h-MuiGrid-root &gt; div.MuiGrid-root.MuiGrid-item.MuiGrid-grid-xs-9.MuiGrid-grid-lg-5.css-xlimm8-MuiGrid-root &gt; form &gt; span.ant-input-password.m-b-0_4rem.ant-input-password-large.ant-input-affix-wrapper.ant-input-affix-wrapper-lg &gt; input'.</msg>
<status status="PASS" starttime="20220608 12:43:59.932" endtime="20220608 12:43:59.996"/>
</kw>
<status status="PASS" starttime="20220608 12:43:59.932" endtime="20220608 12:43:59.996"/>
</kw>
<kw name="Click_Login" library="LoginPage">
<kw name="Click Element" library="SeleniumLibrary">
<arg>${LoginButton}</arg>
<doc>Click the element identified by ``locator``.</doc>
<msg timestamp="20220608 12:43:59.996" level="INFO">Clicking element 'css:#fua-app-root &gt; div &gt; div &gt; div.MuiGrid-root.MuiGrid-container.MuiGrid-spacing-xs-undefined.css-1lym95h-MuiGrid-root &gt; div.MuiGrid-root.MuiGrid-item.MuiGrid-grid-xs-9.MuiGrid-grid-lg-5.css-xlimm8-MuiGrid-root &gt; form &gt; button'.</msg>
<status status="PASS" starttime="20220608 12:43:59.996" endtime="20220608 12:44:00.037"/>
</kw>
<status status="PASS" starttime="20220608 12:43:59.996" endtime="20220608 12:44:00.037"/>
</kw>
<kw name="Sleep" library="BuiltIn">
<arg>5s</arg>
<doc>Pauses the test executed for the given time.</doc>
<msg timestamp="20220608 12:44:05.039" level="INFO">Slept 5 seconds</msg>
<status status="PASS" starttime="20220608 12:44:00.037" endtime="20220608 12:44:05.039"/>
</kw>
<kw name="Logout" library="HomePage">
<kw name="Wait Until Element Is Visible" library="SeleniumLibrary">
<arg>${LogoutButton}</arg>
<arg>timeout=5</arg>
<doc>Waits until the element ``locator`` is visible.</doc>
<status status="PASS" starttime="20220608 12:44:05.040" endtime="20220608 12:44:05.062"/>
</kw>
<kw name="Click Element" library="SeleniumLibrary">
<arg>${LogoutButton}</arg>
<doc>Click the element identified by ``locator``.</doc>
<msg timestamp="20220608 12:44:05.063" level="INFO">Clicking element 'css:#fua-app-root &gt; div &gt; section &gt; div.MuiGrid-root.full-height.min-full-vh.MuiGrid-container.MuiGrid-wrap-xs-nowrap &gt; div:nth-child(1) &gt; aside &gt; div.ant-layout-sider-children &gt; ul &gt; li:nth-child(4) &gt; span'.</msg>
<status status="PASS" starttime="20220608 12:44:05.063" endtime="20220608 12:44:05.095"/>
</kw>
<kw name="Wait Until Element Is Visible" library="SeleniumLibrary">
<arg>${LoginUsernameInputBox}</arg>
<arg>timeout=5</arg>
<doc>Waits until the element ``locator`` is visible.</doc>
<status status="PASS" starttime="20220608 12:44:05.095" endtime="20220608 12:44:05.238"/>
</kw>
<status status="PASS" starttime="20220608 12:44:05.040" endtime="20220608 12:44:05.238"/>
</kw>
<kw name="Sleep" library="BuiltIn">
<arg>2s</arg>
<doc>Pauses the test executed for the given time.</doc>
<msg timestamp="20220608 12:44:07.239" level="INFO">Slept 2 seconds</msg>
<status status="PASS" starttime="20220608 12:44:05.238" endtime="20220608 12:44:07.239"/>
</kw>
<kw name="Location Should Be" library="SeleniumLibrary">
<arg>${site_url}</arg>
<doc>Verifies that the current URL is exactly ``url``.</doc>
<msg timestamp="20220608 12:44:07.243" level="INFO">Current location is 'https://account.sb.forusall.com/login'.</msg>
<status status="PASS" starttime="20220608 12:44:07.239" endtime="20220608 12:44:07.243"/>
</kw>
<kw name="Close Browser" library="SeleniumLibrary">
<doc>Closes the current browser.</doc>
<status status="PASS" starttime="20220608 12:44:07.243" endtime="20220608 12:44:07.315"/>
</kw>
<status status="PASS" starttime="20220608 12:43:56.176" endtime="20220608 12:44:07.315"/>
</test>
<status status="PASS" starttime="20220608 12:43:56.172" endtime="20220608 12:44:07.315"/>
</suite>
<status status="PASS" starttime="20220608 12:43:26.215" endtime="20220608 12:44:07.316"/>
</suite>
<statistics>
<total>
<stat pass="4" fail="0" skip="0">All Tests</stat>
</total>
<tag>
</tag>
<suite>
<stat pass="4" fail="0" skip="0" id="s1" name="Tests">Tests</stat>
<stat pass="3" fail="0" skip="0" id="s1-s1" name="InvalidLogin">Tests.InvalidLogin</stat>
<stat pass="1" fail="0" skip="0" id="s1-s2" name="SuccessfulLogin">Tests.SuccessfulLogin</stat>
</suite>
</statistics>
<errors>
</errors>
</robot>
